<?xml version="1.0" encoding="UTF-8"?>
<testng-results skipped="0" failed="0" total="1" passed="1">
  <reporter-output>
  </reporter-output>
  <suite name="Default suite" duration-ms="53932" started-at="2017-04-22T03:59:04Z" finished-at="2017-04-22T03:59:58Z">
    <groups>
    </groups>
    <test name="Default test" duration-ms="53932" started-at="2017-04-22T03:59:04Z" finished-at="2017-04-22T03:59:58Z">
      <class name="com.orangehrm.test.AddUserTest">
        <test-method status="PASS" signature="addNewUser()[pri:0, instance:com.orangehrm.test.AddUserTest@7f560810]" name="addNewUser" duration-ms="51505" started-at="2017-04-22T09:29:04Z" finished-at="2017-04-22T09:29:56Z">
          <reporter-output>
          </reporter-output>
        </test-method> <!-- addNewUser -->
      </class> <!-- com.orangehrm.test.AddUserTest -->
    </test> <!-- Default test -->
  </suite> <!-- Default suite -->
</testng-results>
