<?xml version="1.0" encoding="UTF-8"?>
<!-- Generated by org.testng.reporters.JUnitXMLReporter -->
<testsuite hostname="Krishu" name="Command line test" tests="3" failures="3" timestamp="22 Apr 2017 03:53:35 GMT" time="0.078" errors="0">
  <testcase name="addNewUser" time="0.047" classname="com.orangehrm.test.AddUserTest">
    <failure type="java.lang.NullPointerException">
      <![CDATA[java.lang.NullPointerException
	at org.openqa.selenium.support.pagefactory.DefaultElementLocator.findElement(DefaultElementLocator.java:69)
	at org.openqa.selenium.support.pagefactory.internal.LocatingElementHandler.invoke(LocatingElementHandler.java:38)
	at com.sun.proxy.$Proxy4.sendKeys(Unknown Source)
	at com.orangehrm.pages.LoginPage.login(LoginPage.java:46)
	at com.orangehrm.test.AddUserTest.addNewUser(AddUserTest.java:15)
... Removed 34 stack frames]]>
    </failure>
  </testcase> <!-- addNewUser -->
  <testcase name="multipleFrames" time="0.0" classname="com.orangehrm.test.FrameTest">
    <failure type="java.lang.NullPointerException">
      <![CDATA[java.lang.NullPointerException
	at com.orangehrm.test.FrameTest.multipleFrames(FrameTest.java:54)
... Removed 34 stack frames]]>
    </failure>
  </testcase> <!-- multipleFrames -->
  <testcase name="externalLinkTest" time="0.0" classname="com.orangehrm.test.LoginTest">
    <failure type="java.lang.NullPointerException">
      <![CDATA[java.lang.NullPointerException
	at org.openqa.selenium.support.pagefactory.DefaultElementLocator.findElement(DefaultElementLocator.java:69)
	at org.openqa.selenium.support.pagefactory.internal.LocatingElementHandler.invoke(LocatingElementHandler.java:38)
	at com.sun.proxy.$Proxy4.click(Unknown Source)
	at com.orangehrm.pages.LoginPage.navigateToFacebookPage(LoginPage.java:112)
	at com.orangehrm.test.LoginTest.externalLinkTest(LoginTest.java:35)
... Removed 34 stack frames]]>
    </failure>
  </testcase> <!-- externalLinkTest -->
</testsuite> <!-- Command line test -->
