<?xml version="1.0" encoding="UTF-8"?>
<testng-results skipped="0" failed="1" ignored="0" total="1" passed="0">
  <reporter-output>
  </reporter-output>
  <suite name="Default suite" duration-ms="11759" started-at="2017-04-22T03:25:21Z" finished-at="2017-04-22T03:25:33Z">
    <groups>
    </groups>
    <test name="Default test" duration-ms="11759" started-at="2017-04-22T03:25:21Z" finished-at="2017-04-22T03:25:33Z">
      <class name="com.orangehrm.test.AddUserTest">
        <test-method status="FAIL" signature="addNewUser()[pri:0, instance:com.orangehrm.test.AddUserTest@4f7d0008]" name="addNewUser" duration-ms="11665" started-at="2017-04-22T08:55:21Z" finished-at="2017-04-22T08:55:33Z">
          <exception class="java.lang.NullPointerException">
            <full-stacktrace>
              <![CDATA[java.lang.NullPointerException
	at com.orangehrm.common.TestListner.afterInvocation(TestListner.java:13)
	at org.testng.internal.invokers.InvokedMethodListenerInvoker$InvokeAfterInvocationWithoutContextStrategy.callMethod(InvokedMethodListenerInvoker.java:100)
	at org.testng.internal.invokers.InvokedMethodListenerInvoker.invokeListener(InvokedMethodListenerInvoker.java:62)
	at org.testng.internal.Invoker.runInvokedMethodListeners(Invoker.java:566)
	at org.testng.internal.Invoker.invokeMethod(Invoker.java:713)
	at org.testng.internal.Invoker.invokeTestMethod(Invoker.java:869)
	at org.testng.internal.Invoker.invokeTestMethods(Invoker.java:1193)
	at org.testng.internal.TestMethodWorker.invokeTestMethods(TestMethodWorker.java:126)
	at org.testng.internal.TestMethodWorker.run(TestMethodWorker.java:109)
	at java.util.concurrent.ThreadPoolExecutor.runWorker(Unknown Source)
	at java.util.concurrent.ThreadPoolExecutor$Worker.run(Unknown Source)
	at java.lang.Thread.run(Unknown Source)
]]>
            </full-stacktrace>
          </exception> <!-- java.lang.NullPointerException -->
          <reporter-output>
          </reporter-output>
        </test-method> <!-- addNewUser -->
      </class> <!-- com.orangehrm.test.AddUserTest -->
    </test> <!-- Default test -->
  </suite> <!-- Default suite -->
</testng-results>
